{"/home/rohit/Desktop/hyperverge/hyperverge-project/bus/Backend/server.js": {"path":"/home/rohit/Desktop/hyperverge/hyperverge-project/bus/Backend/server.js","statementMap":{"0":{"start":{"line":1,"column":16},"end":{"line":1,"column":34}},"1":{"start":{"line":2,"column":18},"end":{"line":2,"column":40}},"2":{"start":{"line":3,"column":12},"end":{"line":3,"column":21}},"3":{"start":{"line":4,"column":17},"end":{"line":4,"column":39}},"4":{"start":{"line":5,"column":14},"end":{"line":5,"column":31}},"5":{"start":{"line":6,"column":11},"end":{"line":6,"column":15}},"6":{"start":{"line":10,"column":0},"end":{"line":10,"column":43}},"7":{"start":{"line":11,"column":0},"end":{"line":11,"column":22}},"8":{"start":{"line":12,"column":0},"end":{"line":14,"column":2}},"9":{"start":{"line":13,"column":4},"end":{"line":13,"column":30}},"10":{"start":{"line":17,"column":0},"end":{"line":17,"column":46}},"11":{"start":{"line":18,"column":0},"end":{"line":18,"column":48}},"12":{"start":{"line":20,"column":0},"end":{"line":24,"column":2}},"13":{"start":{"line":21,"column":16},"end":{"line":21,"column":38}},"14":{"start":{"line":22,"column":4},"end":{"line":22,"column":19}},"15":{"start":{"line":23,"column":4},"end":{"line":23,"column":15}},"16":{"start":{"line":25,"column":0},"end":{"line":32,"column":2}},"17":{"start":{"line":26,"column":4},"end":{"line":26,"column":31}},"18":{"start":{"line":27,"column":4},"end":{"line":31,"column":6}},"19":{"start":{"line":35,"column":0},"end":{"line":35,"column":18}}},"fnMap":{"0":{"name":"(anonymous_0)","decl":{"start":{"line":12,"column":12},"end":{"line":12,"column":13}},"loc":{"start":{"line":12,"column":23},"end":{"line":14,"column":1}},"line":12},"1":{"name":"(anonymous_1)","decl":{"start":{"line":20,"column":8},"end":{"line":20,"column":9}},"loc":{"start":{"line":20,"column":24},"end":{"line":24,"column":1}},"line":20},"2":{"name":"(anonymous_2)","decl":{"start":{"line":25,"column":8},"end":{"line":25,"column":9}},"loc":{"start":{"line":25,"column":28},"end":{"line":32,"column":1}},"line":25}},"branchMap":{"0":{"loc":{"start":{"line":26,"column":15},"end":{"line":26,"column":30}},"type":"binary-expr","locations":[{"start":{"line":26,"column":15},"end":{"line":26,"column":25}},{"start":{"line":26,"column":27},"end":{"line":26,"column":30}}],"line":26}},"s":{"0":1,"1":1,"2":1,"3":1,"4":1,"5":1,"6":1,"7":1,"8":1,"9":0,"10":1,"11":1,"12":1,"13":0,"14":0,"15":0,"16":1,"17":0,"18":0,"19":1},"f":{"0":0,"1":0,"2":0},"b":{"0":[0,0]},"_coverageSchema":"1a1c01bbd47fc00a2c39e90264f33305004495a9","hash":"6b7c9f531c7c10e7bd80ed1a6504a55b939b393f"}
,"/home/rohit/Desktop/hyperverge/hyperverge-project/bus/Backend/config/db.js": {"path":"/home/rohit/Desktop/hyperverge/hyperverge-project/bus/Backend/config/db.js","statementMap":{"0":{"start":{"line":1,"column":17},"end":{"line":1,"column":36}},"1":{"start":{"line":2,"column":15},"end":{"line":2,"column":32}},"2":{"start":{"line":3,"column":11},"end":{"line":3,"column":33}},"3":{"start":{"line":6,"column":0},"end":{"line":52,"column":1}},"4":{"start":{"line":7,"column":34},"end":{"line":7,"column":66}},"5":{"start":{"line":8,"column":19},"end":{"line":8,"column":42}},"6":{"start":{"line":10,"column":20},"end":{"line":20,"column":5}},"7":{"start":{"line":11,"column":20},"end":{"line":11,"column":41}},"8":{"start":{"line":13,"column":29},"end":{"line":18,"column":9}},"9":{"start":{"line":19,"column":8},"end":{"line":19,"column":48}},"10":{"start":{"line":21,"column":18},"end":{"line":25,"column":5}},"11":{"start":{"line":22,"column":8},"end":{"line":22,"column":49}},"12":{"start":{"line":23,"column":8},"end":{"line":23,"column":42}},"13":{"start":{"line":24,"column":8},"end":{"line":24,"column":27}},"14":{"start":{"line":27,"column":18},"end":{"line":33,"column":5}},"15":{"start":{"line":28,"column":28},"end":{"line":28,"column":59}},"16":{"start":{"line":29,"column":8},"end":{"line":32,"column":9}},"17":{"start":{"line":30,"column":31},"end":{"line":30,"column":47}},"18":{"start":{"line":31,"column":12},"end":{"line":31,"column":41}},"19":{"start":{"line":34,"column":4},"end":{"line":34,"column":42}},"20":{"start":{"line":38,"column":4},"end":{"line":50,"column":5}},"21":{"start":{"line":39,"column":8},"end":{"line":45,"column":15}},"22":{"start":{"line":46,"column":8},"end":{"line":46,"column":41}},"23":{"start":{"line":48,"column":8},"end":{"line":48,"column":35}},"24":{"start":{"line":49,"column":8},"end":{"line":49,"column":24}}},"fnMap":{"0":{"name":"(anonymous_0)","decl":{"start":{"line":10,"column":20},"end":{"line":10,"column":21}},"loc":{"start":{"line":10,"column":32},"end":{"line":20,"column":5}},"line":10},"1":{"name":"(anonymous_1)","decl":{"start":{"line":21,"column":18},"end":{"line":21,"column":19}},"loc":{"start":{"line":21,"column":30},"end":{"line":25,"column":5}},"line":21},"2":{"name":"(anonymous_2)","decl":{"start":{"line":27,"column":18},"end":{"line":27,"column":19}},"loc":{"start":{"line":27,"column":30},"end":{"line":33,"column":5}},"line":27}},"branchMap":{"0":{"loc":{"start":{"line":6,"column":0},"end":{"line":52,"column":1}},"type":"if","locations":[{"start":{"line":6,"column":0},"end":{"line":52,"column":1}},{"start":{"line":6,"column":0},"end":{"line":52,"column":1}}],"line":6}},"s":{"0":1,"1":1,"2":1,"3":1,"4":1,"5":1,"6":1,"7":1,"8":1,"9":1,"10":1,"11":1,"12":1,"13":1,"14":1,"15":0,"16":0,"17":0,"18":0,"19":1,"20":0,"21":0,"22":0,"23":0,"24":0},"f":{"0":1,"1":1,"2":0},"b":{"0":[1,0]},"_coverageSchema":"1a1c01bbd47fc00a2c39e90264f33305004495a9","hash":"5931853ed4685b14f7c219107ba9a7dce77aac35"}
,"/home/rohit/Desktop/hyperverge/hyperverge-project/bus/Backend/controllers/Agency.js": {"path":"/home/rohit/Desktop/hyperverge/hyperverge-project/bus/Backend/controllers/Agency.js","statementMap":{"0":{"start":{"line":1,"column":13},"end":{"line":1,"column":40}},"1":{"start":{"line":3,"column":25},"end":{"line":3,"column":53}},"2":{"start":{"line":4,"column":0},"end":{"line":36,"column":1}},"3":{"start":{"line":6,"column":19},"end":{"line":6,"column":40}},"4":{"start":{"line":7,"column":4},"end":{"line":9,"column":5}},"5":{"start":{"line":8,"column":8},"end":{"line":8,"column":63}},"6":{"start":{"line":10,"column":48},"end":{"line":10,"column":56}},"7":{"start":{"line":11,"column":4},"end":{"line":13,"column":5}},"8":{"start":{"line":12,"column":8},"end":{"line":12,"column":67}},"9":{"start":{"line":15,"column":4},"end":{"line":35,"column":5}},"10":{"start":{"line":16,"column":8},"end":{"line":16,"column":29}},"11":{"start":{"line":17,"column":20},"end":{"line":17,"column":54}},"12":{"start":{"line":18,"column":8},"end":{"line":20,"column":9}},"13":{"start":{"line":19,"column":12},"end":{"line":19,"column":73}},"14":{"start":{"line":21,"column":8},"end":{"line":21,"column":30}},"15":{"start":{"line":22,"column":8},"end":{"line":27,"column":10}},"16":{"start":{"line":29,"column":8},"end":{"line":29,"column":27}},"17":{"start":{"line":30,"column":8},"end":{"line":30,"column":30}},"18":{"start":{"line":31,"column":8},"end":{"line":31,"column":64}},"19":{"start":{"line":33,"column":8},"end":{"line":33,"column":29}},"20":{"start":{"line":34,"column":8},"end":{"line":34,"column":56}}},"fnMap":{"0":{"name":"(anonymous_0)","decl":{"start":{"line":4,"column":28},"end":{"line":4,"column":29}},"loc":{"start":{"line":4,"column":44},"end":{"line":36,"column":1}},"line":4}},"branchMap":{"0":{"loc":{"start":{"line":7,"column":4},"end":{"line":9,"column":5}},"type":"if","locations":[{"start":{"line":7,"column":4},"end":{"line":9,"column":5}},{"start":{"line":7,"column":4},"end":{"line":9,"column":5}}],"line":7},"1":{"loc":{"start":{"line":11,"column":4},"end":{"line":13,"column":5}},"type":"if","locations":[{"start":{"line":11,"column":4},"end":{"line":13,"column":5}},{"start":{"line":11,"column":4},"end":{"line":13,"column":5}}],"line":11},"2":{"loc":{"start":{"line":11,"column":8},"end":{"line":11,"column":52}},"type":"binary-expr","locations":[{"start":{"line":11,"column":8},"end":{"line":11,"column":14}},{"start":{"line":11,"column":18},"end":{"line":11,"column":29}},{"start":{"line":11,"column":33},"end":{"line":11,"column":52}}],"line":11},"3":{"loc":{"start":{"line":18,"column":8},"end":{"line":20,"column":9}},"type":"if","locations":[{"start":{"line":18,"column":8},"end":{"line":20,"column":9}},{"start":{"line":18,"column":8},"end":{"line":20,"column":9}}],"line":18}},"s":{"0":1,"1":1,"2":1,"3":0,"4":0,"5":0,"6":0,"7":0,"8":0,"9":0,"10":0,"11":0,"12":0,"13":0,"14":0,"15":0,"16":0,"17":0,"18":0,"19":0,"20":0},"f":{"0":0},"b":{"0":[0,0],"1":[0,0],"2":[0,0,0],"3":[0,0]},"_coverageSchema":"1a1c01bbd47fc00a2c39e90264f33305004495a9","hash":"d630727023f73ba480c0335629dfdc6a678d2ea8"}
,"/home/rohit/Desktop/hyperverge/hyperverge-project/bus/Backend/controllers/Bus.js": {"path":"/home/rohit/Desktop/hyperverge/hyperverge-project/bus/Backend/controllers/Bus.js","statementMap":{"0":{"start":{"line":1,"column":12},"end":{"line":1,"column":36}},"1":{"start":{"line":2,"column":13},"end":{"line":2,"column":39}},"2":{"start":{"line":3,"column":14},"end":{"line":3,"column":40}},"3":{"start":{"line":4,"column":17},"end":{"line":4,"column":46}},"4":{"start":{"line":5,"column":13},"end":{"line":5,"column":40}},"5":{"start":{"line":6,"column":29},"end":{"line":6,"column":57}},"6":{"start":{"line":8,"column":20},"end":{"line":15,"column":1}},"7":{"start":{"line":9,"column":2},"end":{"line":14,"column":5}},"8":{"start":{"line":10,"column":16},"end":{"line":10,"column":40}},"9":{"start":{"line":11,"column":4},"end":{"line":13,"column":5}},"10":{"start":{"line":12,"column":6},"end":{"line":12,"column":17}},"11":{"start":{"line":17,"column":19},"end":{"line":27,"column":2}},"12":{"start":{"line":18,"column":19},"end":{"line":18,"column":39}},"13":{"start":{"line":19,"column":21},"end":{"line":19,"column":23}},"14":{"start":{"line":20,"column":0},"end":{"line":27,"column":1}},"15":{"start":{"line":20,"column":13},"end":{"line":20,"column":14}},"16":{"start":{"line":21,"column":10},"end":{"line":21,"column":12}},"17":{"start":{"line":22,"column":2},"end":{"line":24,"column":3}},"18":{"start":{"line":22,"column":15},"end":{"line":22,"column":16}},"19":{"start":{"line":23,"column":4},"end":{"line":23,"column":43}},"20":{"start":{"line":25,"column":2},"end":{"line":25,"column":23}},"21":{"start":{"line":26,"column":2},"end":{"line":26,"column":21}},"22":{"start":{"line":30,"column":0},"end":{"line":109,"column":2}},"23":{"start":{"line":31,"column":17},"end":{"line":31,"column":38}},"24":{"start":{"line":32,"column":2},"end":{"line":34,"column":3}},"25":{"start":{"line":33,"column":4},"end":{"line":33,"column":55}},"26":{"start":{"line":48,"column":6},"end":{"line":48,"column":14}},"27":{"start":{"line":49,"column":23},"end":{"line":49,"column":31}},"28":{"start":{"line":51,"column":19},"end":{"line":59,"column":3}},"29":{"start":{"line":61,"column":2},"end":{"line":61,"column":59}},"30":{"start":{"line":61,"column":20},"end":{"line":61,"column":59}},"31":{"start":{"line":62,"column":2},"end":{"line":62,"column":44}},"32":{"start":{"line":62,"column":15},"end":{"line":62,"column":44}},"33":{"start":{"line":64,"column":2},"end":{"line":108,"column":3}},"34":{"start":{"line":65,"column":24},"end":{"line":65,"column":68}},"35":{"start":{"line":66,"column":4},"end":{"line":104,"column":5}},"36":{"start":{"line":67,"column":14},"end":{"line":67,"column":44}},"37":{"start":{"line":68,"column":6},"end":{"line":68,"column":22}},"38":{"start":{"line":69,"column":6},"end":{"line":69,"column":41}},"39":{"start":{"line":70,"column":6},"end":{"line":70,"column":42}},"40":{"start":{"line":71,"column":6},"end":{"line":71,"column":38}},"41":{"start":{"line":73,"column":23},"end":{"line":73,"column":60}},"42":{"start":{"line":74,"column":21},"end":{"line":74,"column":56}},"43":{"start":{"line":75,"column":6},"end":{"line":77,"column":7}},"44":{"start":{"line":76,"column":8},"end":{"line":76,"column":71}},"45":{"start":{"line":79,"column":6},"end":{"line":79,"column":33}},"46":{"start":{"line":80,"column":6},"end":{"line":80,"column":33}},"47":{"start":{"line":81,"column":6},"end":{"line":81,"column":41}},"48":{"start":{"line":82,"column":6},"end":{"line":82,"column":37}},"49":{"start":{"line":83,"column":6},"end":{"line":83,"column":27}},"50":{"start":{"line":85,"column":6},"end":{"line":92,"column":7}},"51":{"start":{"line":86,"column":8},"end":{"line":90,"column":10}},"52":{"start":{"line":91,"column":8},"end":{"line":91,"column":41}},"53":{"start":{"line":96,"column":6},"end":{"line":96,"column":32}},"54":{"start":{"line":98,"column":6},"end":{"line":98,"column":39}},"55":{"start":{"line":99,"column":6},"end":{"line":99,"column":23}},"56":{"start":{"line":100,"column":6},"end":{"line":100,"column":32}},"57":{"start":{"line":103,"column":6},"end":{"line":103,"column":79}},"58":{"start":{"line":106,"column":6},"end":{"line":106,"column":22}},"59":{"start":{"line":107,"column":6},"end":{"line":107,"column":48}},"60":{"start":{"line":112,"column":0},"end":{"line":137,"column":1}},"61":{"start":{"line":113,"column":17},"end":{"line":113,"column":38}},"62":{"start":{"line":114,"column":2},"end":{"line":116,"column":3}},"63":{"start":{"line":115,"column":4},"end":{"line":115,"column":49}},"64":{"start":{"line":117,"column":22},"end":{"line":117,"column":30}},"65":{"start":{"line":118,"column":3},"end":{"line":136,"column":4}},"66":{"start":{"line":119,"column":5},"end":{"line":119,"column":48}},"67":{"start":{"line":120,"column":5},"end":{"line":120,"column":43}},"68":{"start":{"line":122,"column":5},"end":{"line":124,"column":5}},"69":{"start":{"line":123,"column":6},"end":{"line":123,"column":62}},"70":{"start":{"line":126,"column":16},"end":{"line":128,"column":72}},"71":{"start":{"line":129,"column":4},"end":{"line":131,"column":5}},"72":{"start":{"line":130,"column":6},"end":{"line":130,"column":38}},"73":{"start":{"line":132,"column":4},"end":{"line":132,"column":39}},"74":{"start":{"line":134,"column":5},"end":{"line":134,"column":21}},"75":{"start":{"line":135,"column":5},"end":{"line":135,"column":44}}},"fnMap":{"0":{"name":"(anonymous_0)","decl":{"start":{"line":8,"column":20},"end":{"line":8,"column":21}},"loc":{"start":{"line":8,"column":31},"end":{"line":15,"column":1}},"line":8},"1":{"name":"(anonymous_1)","decl":{"start":{"line":9,"column":21},"end":{"line":9,"column":22}},"loc":{"start":{"line":9,"column":35},"end":{"line":14,"column":3}},"line":9},"2":{"name":"(anonymous_2)","decl":{"start":{"line":17,"column":19},"end":{"line":17,"column":20}},"loc":{"start":{"line":17,"column":28},"end":{"line":27,"column":2}},"line":17},"3":{"name":"(anonymous_3)","decl":{"start":{"line":30,"column":27},"end":{"line":30,"column":28}},"loc":{"start":{"line":30,"column":47},"end":{"line":109,"column":1}},"line":30},"4":{"name":"(anonymous_4)","decl":{"start":{"line":112,"column":22},"end":{"line":112,"column":23}},"loc":{"start":{"line":112,"column":39},"end":{"line":137,"column":1}},"line":112}},"branchMap":{"0":{"loc":{"start":{"line":11,"column":4},"end":{"line":13,"column":5}},"type":"if","locations":[{"start":{"line":11,"column":4},"end":{"line":13,"column":5}},{"start":{"line":11,"column":4},"end":{"line":13,"column":5}}],"line":11},"1":{"loc":{"start":{"line":32,"column":2},"end":{"line":34,"column":3}},"type":"if","locations":[{"start":{"line":32,"column":2},"end":{"line":34,"column":3}},{"start":{"line":32,"column":2},"end":{"line":34,"column":3}}],"line":32},"2":{"loc":{"start":{"line":61,"column":2},"end":{"line":61,"column":59}},"type":"if","locations":[{"start":{"line":61,"column":2},"end":{"line":61,"column":59}},{"start":{"line":61,"column":2},"end":{"line":61,"column":59}}],"line":61},"3":{"loc":{"start":{"line":62,"column":2},"end":{"line":62,"column":44}},"type":"if","locations":[{"start":{"line":62,"column":2},"end":{"line":62,"column":44}},{"start":{"line":62,"column":2},"end":{"line":62,"column":44}}],"line":62},"4":{"loc":{"start":{"line":66,"column":4},"end":{"line":104,"column":5}},"type":"if","locations":[{"start":{"line":66,"column":4},"end":{"line":104,"column":5}},{"start":{"line":66,"column":4},"end":{"line":104,"column":5}}],"line":66},"5":{"loc":{"start":{"line":75,"column":6},"end":{"line":77,"column":7}},"type":"if","locations":[{"start":{"line":75,"column":6},"end":{"line":77,"column":7}},{"start":{"line":75,"column":6},"end":{"line":77,"column":7}}],"line":75},"6":{"loc":{"start":{"line":75,"column":10},"end":{"line":75,"column":38}},"type":"binary-expr","locations":[{"start":{"line":75,"column":10},"end":{"line":75,"column":21}},{"start":{"line":75,"column":25},"end":{"line":75,"column":38}}],"line":75},"7":{"loc":{"start":{"line":85,"column":6},"end":{"line":92,"column":7}},"type":"if","locations":[{"start":{"line":85,"column":6},"end":{"line":92,"column":7}},{"start":{"line":85,"column":6},"end":{"line":92,"column":7}}],"line":85},"8":{"loc":{"start":{"line":114,"column":2},"end":{"line":116,"column":3}},"type":"if","locations":[{"start":{"line":114,"column":2},"end":{"line":116,"column":3}},{"start":{"line":114,"column":2},"end":{"line":116,"column":3}}],"line":114},"9":{"loc":{"start":{"line":122,"column":5},"end":{"line":124,"column":5}},"type":"if","locations":[{"start":{"line":122,"column":5},"end":{"line":124,"column":5}},{"start":{"line":122,"column":5},"end":{"line":124,"column":5}}],"line":122},"10":{"loc":{"start":{"line":122,"column":9},"end":{"line":122,"column":21}},"type":"binary-expr","locations":[{"start":{"line":122,"column":9},"end":{"line":122,"column":14}},{"start":{"line":122,"column":18},"end":{"line":122,"column":21}}],"line":122},"11":{"loc":{"start":{"line":129,"column":4},"end":{"line":131,"column":5}},"type":"if","locations":[{"start":{"line":129,"column":4},"end":{"line":131,"column":5}},{"start":{"line":129,"column":4},"end":{"line":131,"column":5}}],"line":129}},"s":{"0":1,"1":1,"2":1,"3":1,"4":1,"5":1,"6":1,"7":0,"8":0,"9":0,"10":0,"11":1,"12":0,"13":0,"14":0,"15":0,"16":0,"17":0,"18":0,"19":0,"20":0,"21":0,"22":1,"23":0,"24":0,"25":0,"26":0,"27":0,"28":0,"29":0,"30":0,"31":0,"32":0,"33":0,"34":0,"35":0,"36":0,"37":0,"38":0,"39":0,"40":0,"41":0,"42":0,"43":0,"44":0,"45":0,"46":0,"47":0,"48":0,"49":0,"50":0,"51":0,"52":0,"53":0,"54":0,"55":0,"56":0,"57":0,"58":0,"59":0,"60":1,"61":0,"62":0,"63":0,"64":0,"65":0,"66":0,"67":0,"68":0,"69":0,"70":0,"71":0,"72":0,"73":0,"74":0,"75":0},"f":{"0":0,"1":0,"2":0,"3":0,"4":0},"b":{"0":[0,0],"1":[0,0],"2":[0,0],"3":[0,0],"4":[0,0],"5":[0,0],"6":[0,0],"7":[0,0],"8":[0,0],"9":[0,0],"10":[0,0],"11":[0,0]},"_coverageSchema":"1a1c01bbd47fc00a2c39e90264f33305004495a9","hash":"5d047956e948533e816f0c7463c15ea3f1d55327"}
,"/home/rohit/Desktop/hyperverge/hyperverge-project/bus/Backend/controllers/booktickets.js": {"path":"/home/rohit/Desktop/hyperverge/hyperverge-project/bus/Backend/controllers/booktickets.js","statementMap":{"0":{"start":{"line":1,"column":12},"end":{"line":1,"column":36}},"1":{"start":{"line":2,"column":16},"end":{"line":2,"column":43}},"2":{"start":{"line":3,"column":29},"end":{"line":3,"column":57}},"3":{"start":{"line":7,"column":20},"end":{"line":51,"column":1}},"4":{"start":{"line":8,"column":17},"end":{"line":8,"column":38}},"5":{"start":{"line":9,"column":2},"end":{"line":11,"column":3}},"6":{"start":{"line":10,"column":4},"end":{"line":10,"column":60}},"7":{"start":{"line":13,"column":66},"end":{"line":13,"column":74}},"8":{"start":{"line":14,"column":23},"end":{"line":20,"column":3}},"9":{"start":{"line":22,"column":2},"end":{"line":50,"column":3}},"10":{"start":{"line":23,"column":16},"end":{"line":23,"column":52}},"11":{"start":{"line":25,"column":4},"end":{"line":27,"column":5}},"12":{"start":{"line":26,"column":6},"end":{"line":26,"column":73}},"13":{"start":{"line":28,"column":16},"end":{"line":28,"column":25}},"14":{"start":{"line":30,"column":27},"end":{"line":30,"column":67}},"15":{"start":{"line":31,"column":4},"end":{"line":33,"column":5}},"16":{"start":{"line":32,"column":6},"end":{"line":32,"column":85}},"17":{"start":{"line":36,"column":4},"end":{"line":38,"column":7}},"18":{"start":{"line":37,"column":6},"end":{"line":37,"column":49}},"19":{"start":{"line":39,"column":4},"end":{"line":41,"column":5}},"20":{"start":{"line":40,"column":6},"end":{"line":40,"column":71}},"21":{"start":{"line":43,"column":4},"end":{"line":43,"column":38}},"22":{"start":{"line":44,"column":4},"end":{"line":44,"column":33}},"23":{"start":{"line":45,"column":27},"end":{"line":45,"column":52}},"24":{"start":{"line":46,"column":4},"end":{"line":46,"column":32}},"25":{"start":{"line":47,"column":4},"end":{"line":47,"column":48}},"26":{"start":{"line":49,"column":4},"end":{"line":49,"column":57}},"27":{"start":{"line":56,"column":21},"end":{"line":69,"column":1}},"28":{"start":{"line":57,"column":13},"end":{"line":57,"column":17}},"29":{"start":{"line":58,"column":2},"end":{"line":67,"column":3}},"30":{"start":{"line":58,"column":15},"end":{"line":58,"column":16}},"31":{"start":{"line":59,"column":4},"end":{"line":66,"column":5}},"32":{"start":{"line":59,"column":17},"end":{"line":59,"column":18}},"33":{"start":{"line":60,"column":6},"end":{"line":65,"column":7}},"34":{"start":{"line":61,"column":8},"end":{"line":61,"column":21}},"35":{"start":{"line":62,"column":8},"end":{"line":62,"column":14}},"36":{"start":{"line":64,"column":8},"end":{"line":64,"column":20}},"37":{"start":{"line":68,"column":2},"end":{"line":68,"column":14}},"38":{"start":{"line":73,"column":0},"end":{"line":73,"column":32}}},"fnMap":{"0":{"name":"(anonymous_0)","decl":{"start":{"line":7,"column":20},"end":{"line":7,"column":21}},"loc":{"start":{"line":7,"column":40},"end":{"line":51,"column":1}},"line":7},"1":{"name":"(anonymous_1)","decl":{"start":{"line":36,"column":31},"end":{"line":36,"column":32}},"loc":{"start":{"line":36,"column":47},"end":{"line":38,"column":5}},"line":36},"2":{"name":"(anonymous_2)","decl":{"start":{"line":56,"column":21},"end":{"line":56,"column":22}},"loc":{"start":{"line":56,"column":48},"end":{"line":69,"column":1}},"line":56}},"branchMap":{"0":{"loc":{"start":{"line":9,"column":2},"end":{"line":11,"column":3}},"type":"if","locations":[{"start":{"line":9,"column":2},"end":{"line":11,"column":3}},{"start":{"line":9,"column":2},"end":{"line":11,"column":3}}],"line":9},"1":{"loc":{"start":{"line":25,"column":4},"end":{"line":27,"column":5}},"type":"if","locations":[{"start":{"line":25,"column":4},"end":{"line":27,"column":5}},{"start":{"line":25,"column":4},"end":{"line":27,"column":5}}],"line":25},"2":{"loc":{"start":{"line":31,"column":4},"end":{"line":33,"column":5}},"type":"if","locations":[{"start":{"line":31,"column":4},"end":{"line":33,"column":5}},{"start":{"line":31,"column":4},"end":{"line":33,"column":5}}],"line":31},"3":{"loc":{"start":{"line":39,"column":4},"end":{"line":41,"column":5}},"type":"if","locations":[{"start":{"line":39,"column":4},"end":{"line":41,"column":5}},{"start":{"line":39,"column":4},"end":{"line":41,"column":5}}],"line":39},"4":{"loc":{"start":{"line":60,"column":6},"end":{"line":65,"column":7}},"type":"if","locations":[{"start":{"line":60,"column":6},"end":{"line":65,"column":7}},{"start":{"line":60,"column":6},"end":{"line":65,"column":7}}],"line":60}},"s":{"0":1,"1":1,"2":1,"3":1,"4":0,"5":0,"6":0,"7":0,"8":0,"9":0,"10":0,"11":0,"12":0,"13":0,"14":0,"15":0,"16":0,"17":0,"18":0,"19":0,"20":0,"21":0,"22":0,"23":0,"24":0,"25":0,"26":0,"27":1,"28":0,"29":0,"30":0,"31":0,"32":0,"33":0,"34":0,"35":0,"36":0,"37":0,"38":1},"f":{"0":0,"1":0,"2":0},"b":{"0":[0,0],"1":[0,0],"2":[0,0],"3":[0,0],"4":[0,0]},"_coverageSchema":"1a1c01bbd47fc00a2c39e90264f33305004495a9","hash":"13aefd761db1ee67e78364fa6d7fa8aa92b23740"}
,"/home/rohit/Desktop/hyperverge/hyperverge-project/bus/Backend/controllers/location.js": {"path":"/home/rohit/Desktop/hyperverge/hyperverge-project/bus/Backend/controllers/location.js","statementMap":{"0":{"start":{"line":2,"column":17},"end":{"line":2,"column":46}},"1":{"start":{"line":3,"column":25},"end":{"line":3,"column":53}},"2":{"start":{"line":5,"column":0},"end":{"line":28,"column":1}},"3":{"start":{"line":6,"column":19},"end":{"line":6,"column":40}},"4":{"start":{"line":7,"column":4},"end":{"line":9,"column":5}},"5":{"start":{"line":8,"column":8},"end":{"line":8,"column":56}},"6":{"start":{"line":11,"column":23},"end":{"line":11,"column":31}},"7":{"start":{"line":13,"column":4},"end":{"line":26,"column":5}},"8":{"start":{"line":14,"column":7},"end":{"line":14,"column":37}},"9":{"start":{"line":15,"column":21},"end":{"line":15,"column":58}},"10":{"start":{"line":16,"column":8},"end":{"line":18,"column":9}},"11":{"start":{"line":17,"column":12},"end":{"line":17,"column":71}},"12":{"start":{"line":19,"column":8},"end":{"line":19,"column":45}},"13":{"start":{"line":20,"column":8},"end":{"line":20,"column":30}},"14":{"start":{"line":21,"column":8},"end":{"line":21,"column":68}},"15":{"start":{"line":22,"column":8},"end":{"line":22,"column":35}},"16":{"start":{"line":24,"column":8},"end":{"line":24,"column":47}},"17":{"start":{"line":25,"column":8},"end":{"line":25,"column":58}}},"fnMap":{"0":{"name":"(anonymous_0)","decl":{"start":{"line":5,"column":26},"end":{"line":5,"column":27}},"loc":{"start":{"line":5,"column":43},"end":{"line":28,"column":1}},"line":5}},"branchMap":{"0":{"loc":{"start":{"line":7,"column":4},"end":{"line":9,"column":5}},"type":"if","locations":[{"start":{"line":7,"column":4},"end":{"line":9,"column":5}},{"start":{"line":7,"column":4},"end":{"line":9,"column":5}}],"line":7},"1":{"loc":{"start":{"line":16,"column":8},"end":{"line":18,"column":9}},"type":"if","locations":[{"start":{"line":16,"column":8},"end":{"line":18,"column":9}},{"start":{"line":16,"column":8},"end":{"line":18,"column":9}}],"line":16}},"s":{"0":1,"1":1,"2":1,"3":0,"4":0,"5":0,"6":0,"7":0,"8":0,"9":0,"10":0,"11":0,"12":0,"13":0,"14":0,"15":0,"16":0,"17":0},"f":{"0":0},"b":{"0":[0,0],"1":[0,0]},"_coverageSchema":"1a1c01bbd47fc00a2c39e90264f33305004495a9","hash":"b79b22b7b84a63e858da23ee29cb894124bc9508"}
,"/home/rohit/Desktop/hyperverge/hyperverge-project/bus/Backend/controllers/staff.js": {"path":"/home/rohit/Desktop/hyperverge/hyperverge-project/bus/Backend/controllers/staff.js","statementMap":{"0":{"start":{"line":1,"column":12},"end":{"line":1,"column":38}},"1":{"start":{"line":2,"column":25},"end":{"line":2,"column":53}},"2":{"start":{"line":4,"column":0},"end":{"line":36,"column":1}},"3":{"start":{"line":5,"column":19},"end":{"line":5,"column":40}},"4":{"start":{"line":6,"column":4},"end":{"line":8,"column":5}},"5":{"start":{"line":7,"column":8},"end":{"line":7,"column":63}},"6":{"start":{"line":9,"column":41},"end":{"line":9,"column":49}},"7":{"start":{"line":10,"column":22},"end":{"line":10,"column":56}},"8":{"start":{"line":11,"column":4},"end":{"line":11,"column":36}},"9":{"start":{"line":12,"column":4},"end":{"line":35,"column":5}},"10":{"start":{"line":14,"column":8},"end":{"line":14,"column":29}},"11":{"start":{"line":15,"column":18},"end":{"line":15,"column":46}},"12":{"start":{"line":16,"column":8},"end":{"line":18,"column":9}},"13":{"start":{"line":17,"column":12},"end":{"line":17,"column":62}},"14":{"start":{"line":19,"column":8},"end":{"line":19,"column":35}},"15":{"start":{"line":20,"column":8},"end":{"line":26,"column":10}},"16":{"start":{"line":28,"column":7},"end":{"line":28,"column":26}},"17":{"start":{"line":29,"column":7},"end":{"line":29,"column":25}},"18":{"start":{"line":30,"column":8},"end":{"line":30,"column":62}},"19":{"start":{"line":34,"column":8},"end":{"line":34,"column":24}}},"fnMap":{"0":{"name":"(anonymous_0)","decl":{"start":{"line":4,"column":25},"end":{"line":4,"column":26}},"loc":{"start":{"line":4,"column":41},"end":{"line":36,"column":1}},"line":4}},"branchMap":{"0":{"loc":{"start":{"line":6,"column":4},"end":{"line":8,"column":5}},"type":"if","locations":[{"start":{"line":6,"column":4},"end":{"line":8,"column":5}},{"start":{"line":6,"column":4},"end":{"line":8,"column":5}}],"line":6},"1":{"loc":{"start":{"line":16,"column":8},"end":{"line":18,"column":9}},"type":"if","locations":[{"start":{"line":16,"column":8},"end":{"line":18,"column":9}},{"start":{"line":16,"column":8},"end":{"line":18,"column":9}}],"line":16}},"s":{"0":1,"1":1,"2":1,"3":0,"4":0,"5":0,"6":0,"7":0,"8":0,"9":0,"10":0,"11":0,"12":0,"13":0,"14":0,"15":0,"16":0,"17":0,"18":0,"19":0},"f":{"0":0},"b":{"0":[0,0],"1":[0,0]},"_coverageSchema":"1a1c01bbd47fc00a2c39e90264f33305004495a9","hash":"059c8773dc5e0cace83c3f1accd845d4f3abd941"}
,"/home/rohit/Desktop/hyperverge/hyperverge-project/bus/Backend/controllers/users.js": {"path":"/home/rohit/Desktop/hyperverge/hyperverge-project/bus/Backend/controllers/users.js","statementMap":{"0":{"start":{"line":1,"column":16},"end":{"line":1,"column":34}},"1":{"start":{"line":2,"column":15},"end":{"line":2,"column":31}},"2":{"start":{"line":3,"column":15},"end":{"line":3,"column":34}},"3":{"start":{"line":4,"column":29},"end":{"line":4,"column":57}},"4":{"start":{"line":5,"column":12},"end":{"line":5,"column":35}},"5":{"start":{"line":6,"column":15},"end":{"line":6,"column":32}},"6":{"start":{"line":7,"column":13},"end":{"line":7,"column":39}},"7":{"start":{"line":9,"column":0},"end":{"line":48,"column":1}},"8":{"start":{"line":10,"column":19},"end":{"line":10,"column":40}},"9":{"start":{"line":11,"column":8},"end":{"line":13,"column":9}},"10":{"start":{"line":12,"column":12},"end":{"line":12,"column":68}},"11":{"start":{"line":15,"column":49},"end":{"line":15,"column":57}},"12":{"start":{"line":16,"column":8},"end":{"line":46,"column":9}},"13":{"start":{"line":17,"column":23},"end":{"line":17,"column":52}},"14":{"start":{"line":18,"column":12},"end":{"line":22,"column":13}},"15":{"start":{"line":19,"column":16},"end":{"line":21,"column":72}},"16":{"start":{"line":23,"column":12},"end":{"line":28,"column":15}},"17":{"start":{"line":29,"column":25},"end":{"line":29,"column":49}},"18":{"start":{"line":30,"column":12},"end":{"line":30,"column":62}},"19":{"start":{"line":32,"column":12},"end":{"line":32,"column":30}},"20":{"start":{"line":34,"column":28},"end":{"line":38,"column":13}},"21":{"start":{"line":39,"column":12},"end":{"line":39,"column":46}},"22":{"start":{"line":40,"column":26},"end":{"line":40,"column":52}},"23":{"start":{"line":41,"column":12},"end":{"line":41,"column":41}},"24":{"start":{"line":44,"column":12},"end":{"line":44,"column":28}},"25":{"start":{"line":45,"column":12},"end":{"line":45,"column":62}},"26":{"start":{"line":52,"column":26},"end":{"line":55,"column":1}},"27":{"start":{"line":54,"column":4},"end":{"line":54,"column":50}},"28":{"start":{"line":58,"column":0},"end":{"line":97,"column":1}},"29":{"start":{"line":60,"column":19},"end":{"line":60,"column":40}},"30":{"start":{"line":61,"column":8},"end":{"line":63,"column":9}},"31":{"start":{"line":62,"column":12},"end":{"line":62,"column":68}},"32":{"start":{"line":65,"column":35},"end":{"line":65,"column":43}},"33":{"start":{"line":67,"column":8},"end":{"line":95,"column":9}},"34":{"start":{"line":68,"column":22},"end":{"line":68,"column":50}},"35":{"start":{"line":69,"column":12},"end":{"line":69,"column":42}},"36":{"start":{"line":71,"column":12},"end":{"line":75,"column":13}},"37":{"start":{"line":72,"column":16},"end":{"line":74,"column":72}},"38":{"start":{"line":76,"column":28},"end":{"line":76,"column":73}},"39":{"start":{"line":77,"column":12},"end":{"line":77,"column":68}},"40":{"start":{"line":78,"column":12},"end":{"line":83,"column":13}},"41":{"start":{"line":79,"column":16},"end":{"line":82,"column":19}},"42":{"start":{"line":85,"column":28},"end":{"line":89,"column":13}},"43":{"start":{"line":90,"column":26},"end":{"line":90,"column":52}},"44":{"start":{"line":91,"column":12},"end":{"line":91,"column":48}},"45":{"start":{"line":93,"column":12},"end":{"line":93,"column":59}},"46":{"start":{"line":94,"column":12},"end":{"line":94,"column":55}},"47":{"start":{"line":100,"column":0},"end":{"line":108,"column":1}},"48":{"start":{"line":101,"column":4},"end":{"line":107,"column":5}},"49":{"start":{"line":102,"column":21},"end":{"line":102,"column":73}},"50":{"start":{"line":103,"column":8},"end":{"line":103,"column":22}},"51":{"start":{"line":105,"column":8},"end":{"line":105,"column":34}},"52":{"start":{"line":106,"column":8},"end":{"line":106,"column":44}},"53":{"start":{"line":114,"column":0},"end":{"line":156,"column":1}},"54":{"start":{"line":116,"column":19},"end":{"line":116,"column":40}},"55":{"start":{"line":117,"column":8},"end":{"line":119,"column":9}},"56":{"start":{"line":118,"column":12},"end":{"line":118,"column":68}},"57":{"start":{"line":121,"column":35},"end":{"line":121,"column":43}},"58":{"start":{"line":123,"column":8},"end":{"line":154,"column":9}},"59":{"start":{"line":124,"column":22},"end":{"line":124,"column":50}},"60":{"start":{"line":125,"column":12},"end":{"line":125,"column":42}},"61":{"start":{"line":127,"column":12},"end":{"line":131,"column":13}},"62":{"start":{"line":128,"column":16},"end":{"line":130,"column":72}},"63":{"start":{"line":132,"column":12},"end":{"line":134,"column":13}},"64":{"start":{"line":133,"column":16},"end":{"line":133,"column":73}},"65":{"start":{"line":135,"column":28},"end":{"line":135,"column":73}},"66":{"start":{"line":136,"column":12},"end":{"line":136,"column":68}},"67":{"start":{"line":137,"column":12},"end":{"line":142,"column":13}},"68":{"start":{"line":138,"column":16},"end":{"line":141,"column":19}},"69":{"start":{"line":144,"column":28},"end":{"line":148,"column":13}},"70":{"start":{"line":149,"column":26},"end":{"line":149,"column":52}},"71":{"start":{"line":150,"column":12},"end":{"line":150,"column":48}},"72":{"start":{"line":152,"column":12},"end":{"line":152,"column":59}},"73":{"start":{"line":153,"column":12},"end":{"line":153,"column":55}}},"fnMap":{"0":{"name":"(anonymous_0)","decl":{"start":{"line":9,"column":22},"end":{"line":9,"column":23}},"loc":{"start":{"line":9,"column":38},"end":{"line":48,"column":1}},"line":9},"1":{"name":"(anonymous_1)","decl":{"start":{"line":52,"column":26},"end":{"line":52,"column":27}},"loc":{"start":{"line":53,"column":18},"end":{"line":55,"column":1}},"line":53},"2":{"name":"(anonymous_2)","decl":{"start":{"line":58,"column":22},"end":{"line":58,"column":23}},"loc":{"start":{"line":58,"column":39},"end":{"line":97,"column":1}},"line":58},"3":{"name":"(anonymous_3)","decl":{"start":{"line":100,"column":24},"end":{"line":100,"column":25}},"loc":{"start":{"line":100,"column":41},"end":{"line":108,"column":1}},"line":100},"4":{"name":"(anonymous_4)","decl":{"start":{"line":114,"column":27},"end":{"line":114,"column":28}},"loc":{"start":{"line":114,"column":44},"end":{"line":156,"column":1}},"line":114}},"branchMap":{"0":{"loc":{"start":{"line":11,"column":8},"end":{"line":13,"column":9}},"type":"if","locations":[{"start":{"line":11,"column":8},"end":{"line":13,"column":9}},{"start":{"line":11,"column":8},"end":{"line":13,"column":9}}],"line":11},"1":{"loc":{"start":{"line":18,"column":12},"end":{"line":22,"column":13}},"type":"if","locations":[{"start":{"line":18,"column":12},"end":{"line":22,"column":13}},{"start":{"line":18,"column":12},"end":{"line":22,"column":13}}],"line":18},"2":{"loc":{"start":{"line":52,"column":44},"end":{"line":52,"column":76}},"type":"default-arg","locations":[{"start":{"line":52,"column":53},"end":{"line":52,"column":76}}],"line":52},"3":{"loc":{"start":{"line":53,"column":0},"end":{"line":53,"column":16}},"type":"default-arg","locations":[{"start":{"line":53,"column":12},"end":{"line":53,"column":16}}],"line":53},"4":{"loc":{"start":{"line":61,"column":8},"end":{"line":63,"column":9}},"type":"if","locations":[{"start":{"line":61,"column":8},"end":{"line":63,"column":9}},{"start":{"line":61,"column":8},"end":{"line":63,"column":9}}],"line":61},"5":{"loc":{"start":{"line":71,"column":12},"end":{"line":75,"column":13}},"type":"if","locations":[{"start":{"line":71,"column":12},"end":{"line":75,"column":13}},{"start":{"line":71,"column":12},"end":{"line":75,"column":13}}],"line":71},"6":{"loc":{"start":{"line":78,"column":12},"end":{"line":83,"column":13}},"type":"if","locations":[{"start":{"line":78,"column":12},"end":{"line":83,"column":13}},{"start":{"line":78,"column":12},"end":{"line":83,"column":13}}],"line":78},"7":{"loc":{"start":{"line":117,"column":8},"end":{"line":119,"column":9}},"type":"if","locations":[{"start":{"line":117,"column":8},"end":{"line":119,"column":9}},{"start":{"line":117,"column":8},"end":{"line":119,"column":9}}],"line":117},"8":{"loc":{"start":{"line":127,"column":12},"end":{"line":131,"column":13}},"type":"if","locations":[{"start":{"line":127,"column":12},"end":{"line":131,"column":13}},{"start":{"line":127,"column":12},"end":{"line":131,"column":13}}],"line":127},"9":{"loc":{"start":{"line":132,"column":12},"end":{"line":134,"column":13}},"type":"if","locations":[{"start":{"line":132,"column":12},"end":{"line":134,"column":13}},{"start":{"line":132,"column":12},"end":{"line":134,"column":13}}],"line":132},"10":{"loc":{"start":{"line":137,"column":12},"end":{"line":142,"column":13}},"type":"if","locations":[{"start":{"line":137,"column":12},"end":{"line":142,"column":13}},{"start":{"line":137,"column":12},"end":{"line":142,"column":13}}],"line":137}},"s":{"0":1,"1":1,"2":1,"3":1,"4":1,"5":1,"6":1,"7":1,"8":2,"9":2,"10":0,"11":2,"12":2,"13":2,"14":2,"15":0,"16":2,"17":2,"18":2,"19":2,"20":2,"21":2,"22":2,"23":2,"24":0,"25":0,"26":1,"27":4,"28":1,"29":2,"30":2,"31":0,"32":2,"33":2,"34":2,"35":2,"36":2,"37":0,"38":2,"39":2,"40":2,"41":0,"42":2,"43":2,"44":2,"45":0,"46":0,"47":1,"48":0,"49":0,"50":0,"51":0,"52":0,"53":1,"54":0,"55":0,"56":0,"57":0,"58":0,"59":0,"60":0,"61":0,"62":0,"63":0,"64":0,"65":0,"66":0,"67":0,"68":0,"69":0,"70":0,"71":0,"72":0,"73":0},"f":{"0":2,"1":4,"2":2,"3":0,"4":0},"b":{"0":[0,2],"1":[0,2],"2":[4],"3":[4],"4":[0,2],"5":[0,2],"6":[0,2],"7":[0,0],"8":[0,0],"9":[0,0],"10":[0,0]},"_coverageSchema":"1a1c01bbd47fc00a2c39e90264f33305004495a9","hash":"dd6656f85714b06b3a5d1ab9f3b890b600d3f8f9"}
,"/home/rohit/Desktop/hyperverge/hyperverge-project/bus/Backend/middleware/isAdmin.js": {"path":"/home/rohit/Desktop/hyperverge/hyperverge-project/bus/Backend/middleware/isAdmin.js","statementMap":{"0":{"start":{"line":1,"column":0},"end":{"line":9,"column":1}},"1":{"start":{"line":3,"column":20},"end":{"line":3,"column":36}},"2":{"start":{"line":4,"column":4},"end":{"line":7,"column":5}},"3":{"start":{"line":5,"column":20},"end":{"line":5,"column":68}},"4":{"start":{"line":6,"column":8},"end":{"line":6,"column":24}},"5":{"start":{"line":8,"column":4},"end":{"line":8,"column":10}}},"fnMap":{"0":{"name":"(anonymous_0)","decl":{"start":{"line":1,"column":17},"end":{"line":1,"column":18}},"loc":{"start":{"line":1,"column":35},"end":{"line":9,"column":1}},"line":1}},"branchMap":{"0":{"loc":{"start":{"line":4,"column":4},"end":{"line":7,"column":5}},"type":"if","locations":[{"start":{"line":4,"column":4},"end":{"line":7,"column":5}},{"start":{"line":4,"column":4},"end":{"line":7,"column":5}}],"line":4}},"s":{"0":2,"1":3,"2":3,"3":1,"4":1,"5":2},"f":{"0":3},"b":{"0":[1,2]},"_coverageSchema":"1a1c01bbd47fc00a2c39e90264f33305004495a9","hash":"4685253eeb9e10fb24fa4b124d8d86e3ecb48f9f"}
,"/home/rohit/Desktop/hyperverge/hyperverge-project/bus/Backend/middleware/users.js": {"path":"/home/rohit/Desktop/hyperverge/hyperverge-project/bus/Backend/middleware/users.js","statementMap":{"0":{"start":{"line":1,"column":12},"end":{"line":1,"column":35}},"1":{"start":{"line":2,"column":15},"end":{"line":2,"column":32}},"2":{"start":{"line":4,"column":0},"end":{"line":21,"column":2}},"3":{"start":{"line":6,"column":18},"end":{"line":6,"column":44}},"4":{"start":{"line":8,"column":4},"end":{"line":12,"column":5}},"5":{"start":{"line":9,"column":8},"end":{"line":11,"column":11}},"6":{"start":{"line":14,"column":4},"end":{"line":20,"column":5}},"7":{"start":{"line":15,"column":24},"end":{"line":15,"column":66}},"8":{"start":{"line":16,"column":8},"end":{"line":16,"column":32}},"9":{"start":{"line":17,"column":8},"end":{"line":17,"column":15}},"10":{"start":{"line":19,"column":8},"end":{"line":19,"column":60}}},"fnMap":{"0":{"name":"(anonymous_0)","decl":{"start":{"line":4,"column":17},"end":{"line":4,"column":18}},"loc":{"start":{"line":4,"column":43},"end":{"line":21,"column":1}},"line":4}},"branchMap":{"0":{"loc":{"start":{"line":8,"column":4},"end":{"line":12,"column":5}},"type":"if","locations":[{"start":{"line":8,"column":4},"end":{"line":12,"column":5}},{"start":{"line":8,"column":4},"end":{"line":12,"column":5}}],"line":8}},"s":{"0":1,"1":1,"2":1,"3":0,"4":0,"5":0,"6":0,"7":0,"8":0,"9":0,"10":0},"f":{"0":0},"b":{"0":[0,0]},"_coverageSchema":"1a1c01bbd47fc00a2c39e90264f33305004495a9","hash":"bc2f839d14bb06df83bbdd3fc8941c0958d56503"}
,"/home/rohit/Desktop/hyperverge/hyperverge-project/bus/Backend/models/Agency.js": {"path":"/home/rohit/Desktop/hyperverge/hyperverge-project/bus/Backend/models/Agency.js","statementMap":{"0":{"start":{"line":1,"column":15},"end":{"line":1,"column":34}},"1":{"start":{"line":3,"column":13},"end":{"line":22,"column":2}},"2":{"start":{"line":23,"column":15},"end":{"line":23,"column":47}},"3":{"start":{"line":24,"column":0},"end":{"line":24,"column":24}}},"fnMap":{},"branchMap":{},"s":{"0":1,"1":1,"2":1,"3":1},"f":{},"b":{},"_coverageSchema":"1a1c01bbd47fc00a2c39e90264f33305004495a9","hash":"09ecfa7b48ba09b77d018cef74931ac2f21a5f7f"}
,"/home/rohit/Desktop/hyperverge/hyperverge-project/bus/Backend/models/Bus.js": {"path":"/home/rohit/Desktop/hyperverge/hyperverge-project/bus/Backend/models/Bus.js","statementMap":{"0":{"start":{"line":1,"column":15},"end":{"line":1,"column":34}},"1":{"start":{"line":3,"column":12},"end":{"line":65,"column":2}},"2":{"start":{"line":66,"column":12},"end":{"line":66,"column":40}},"3":{"start":{"line":67,"column":0},"end":{"line":67,"column":20}}},"fnMap":{},"branchMap":{},"s":{"0":1,"1":1,"2":1,"3":1},"f":{},"b":{},"_coverageSchema":"1a1c01bbd47fc00a2c39e90264f33305004495a9","hash":"8434086a31ee5608d0f894c1b966d7d0765e74d6"}
,"/home/rohit/Desktop/hyperverge/hyperverge-project/bus/Backend/models/Location.js": {"path":"/home/rohit/Desktop/hyperverge/hyperverge-project/bus/Backend/models/Location.js","statementMap":{"0":{"start":{"line":1,"column":17},"end":{"line":1,"column":36}},"1":{"start":{"line":2,"column":22},"end":{"line":11,"column":2}},"2":{"start":{"line":13,"column":16},"end":{"line":13,"column":58}},"3":{"start":{"line":14,"column":0},"end":{"line":14,"column":23}}},"fnMap":{},"branchMap":{},"s":{"0":1,"1":1,"2":1,"3":1},"f":{},"b":{},"_coverageSchema":"1a1c01bbd47fc00a2c39e90264f33305004495a9","hash":"059a5d9335194055664bba0a23c17d5345230f2f"}
,"/home/rohit/Desktop/hyperverge/hyperverge-project/bus/Backend/models/Staff.js": {"path":"/home/rohit/Desktop/hyperverge/hyperverge-project/bus/Backend/models/Staff.js","statementMap":{"0":{"start":{"line":1,"column":17},"end":{"line":1,"column":36}},"1":{"start":{"line":3,"column":20},"end":{"line":29,"column":2}},"2":{"start":{"line":31,"column":14},"end":{"line":31,"column":50}},"3":{"start":{"line":32,"column":0},"end":{"line":32,"column":23}}},"fnMap":{},"branchMap":{},"s":{"0":1,"1":1,"2":1,"3":1},"f":{},"b":{},"_coverageSchema":"1a1c01bbd47fc00a2c39e90264f33305004495a9","hash":"d61261dcdf4b217768946796af9094e8ad0ac2ae"}
,"/home/rohit/Desktop/hyperverge/hyperverge-project/bus/Backend/models/Ticket.js": {"path":"/home/rohit/Desktop/hyperverge/hyperverge-project/bus/Backend/models/Ticket.js","statementMap":{"0":{"start":{"line":1,"column":17},"end":{"line":1,"column":36}},"1":{"start":{"line":2,"column":21},"end":{"line":32,"column":25}},"2":{"start":{"line":34,"column":16},"end":{"line":34,"column":55}},"3":{"start":{"line":35,"column":0},"end":{"line":35,"column":24}}},"fnMap":{},"branchMap":{},"s":{"0":1,"1":1,"2":1,"3":1},"f":{},"b":{},"_coverageSchema":"1a1c01bbd47fc00a2c39e90264f33305004495a9","hash":"7de545dc8ee5f24c1c98fe36299a8e21bbdf336b"}
,"/home/rohit/Desktop/hyperverge/hyperverge-project/bus/Backend/models/Users.js": {"path":"/home/rohit/Desktop/hyperverge/hyperverge-project/bus/Backend/models/Users.js","statementMap":{"0":{"start":{"line":1,"column":17},"end":{"line":1,"column":36}},"1":{"start":{"line":3,"column":19},"end":{"line":24,"column":2}},"2":{"start":{"line":26,"column":13},"end":{"line":26,"column":48}},"3":{"start":{"line":27,"column":0},"end":{"line":27,"column":21}}},"fnMap":{},"branchMap":{},"s":{"0":1,"1":1,"2":1,"3":1},"f":{},"b":{},"_coverageSchema":"1a1c01bbd47fc00a2c39e90264f33305004495a9","hash":"aa58be249685b77a720a3473aecfa745cc29268f"}
,"/home/rohit/Desktop/hyperverge/hyperverge-project/bus/Backend/routes/Admin.js": {"path":"/home/rohit/Desktop/hyperverge/hyperverge-project/bus/Backend/routes/Admin.js","statementMap":{"0":{"start":{"line":1,"column":16},"end":{"line":1,"column":34}},"1":{"start":{"line":2,"column":15},"end":{"line":2,"column":31}},"2":{"start":{"line":3,"column":15},"end":{"line":3,"column":34}},"3":{"start":{"line":4,"column":36},"end":{"line":4,"column":64}},"4":{"start":{"line":5,"column":12},"end":{"line":5,"column":35}},"5":{"start":{"line":6,"column":11},"end":{"line":6,"column":41}},"6":{"start":{"line":7,"column":15},"end":{"line":7,"column":47}},"7":{"start":{"line":8,"column":16},"end":{"line":8,"column":47}},"8":{"start":{"line":9,"column":17},"end":{"line":9,"column":51}},"9":{"start":{"line":10,"column":19},"end":{"line":10,"column":48}},"10":{"start":{"line":11,"column":20},"end":{"line":11,"column":57}},"11":{"start":{"line":12,"column":21},"end":{"line":12,"column":53}},"12":{"start":{"line":13,"column":17},"end":{"line":13,"column":48}},"13":{"start":{"line":20,"column":0},"end":{"line":33,"column":24}},"14":{"start":{"line":40,"column":0},"end":{"line":45,"column":26}},"15":{"start":{"line":53,"column":0},"end":{"line":59,"column":2}},"16":{"start":{"line":65,"column":0},"end":{"line":75,"column":17}},"17":{"start":{"line":81,"column":0},"end":{"line":92,"column":12}},"18":{"start":{"line":98,"column":0},"end":{"line":130,"column":13}},"19":{"start":{"line":138,"column":0},"end":{"line":138,"column":23}}},"fnMap":{},"branchMap":{},"s":{"0":1,"1":1,"2":1,"3":1,"4":1,"5":1,"6":1,"7":1,"8":1,"9":1,"10":1,"11":1,"12":1,"13":1,"14":1,"15":1,"16":1,"17":1,"18":1,"19":1},"f":{},"b":{},"_coverageSchema":"1a1c01bbd47fc00a2c39e90264f33305004495a9","hash":"4b6707272594929455bc209cc6b40ad4fb8771dc"}
,"/home/rohit/Desktop/hyperverge/hyperverge-project/bus/Backend/routes/users.js": {"path":"/home/rohit/Desktop/hyperverge/hyperverge-project/bus/Backend/routes/users.js","statementMap":{"0":{"start":{"line":1,"column":16},"end":{"line":1,"column":34}},"1":{"start":{"line":2,"column":15},"end":{"line":2,"column":31}},"2":{"start":{"line":3,"column":17},"end":{"line":3,"column":36}},"3":{"start":{"line":4,"column":15},"end":{"line":4,"column":34}},"4":{"start":{"line":5,"column":36},"end":{"line":5,"column":64}},"5":{"start":{"line":6,"column":12},"end":{"line":6,"column":35}},"6":{"start":{"line":7,"column":11},"end":{"line":7,"column":41}},"7":{"start":{"line":8,"column":30},"end":{"line":8,"column":61}},"8":{"start":{"line":9,"column":16},"end":{"line":9,"column":45}},"9":{"start":{"line":10,"column":19},"end":{"line":10,"column":56}},"10":{"start":{"line":16,"column":0},"end":{"line":24,"column":14}},"11":{"start":{"line":32,"column":0},"end":{"line":36,"column":12}},"12":{"start":{"line":41,"column":0},"end":{"line":41,"column":29}},"13":{"start":{"line":46,"column":0},"end":{"line":49,"column":10}},"14":{"start":{"line":53,"column":0},"end":{"line":57,"column":3}},"15":{"start":{"line":60,"column":0},"end":{"line":60,"column":24}}},"fnMap":{},"branchMap":{},"s":{"0":1,"1":1,"2":1,"3":1,"4":1,"5":1,"6":1,"7":1,"8":1,"9":1,"10":1,"11":1,"12":1,"13":1,"14":1,"15":1},"f":{},"b":{},"_coverageSchema":"1a1c01bbd47fc00a2c39e90264f33305004495a9","hash":"d6cf9dfd061bafb8a3be308b9255cef38aea034b"}
}
